Removed Pin From Net: NetName=GND Pin=U2-1
Removed Pin From Net: NetName=GND Pin=U2-2
Removed Pin From Net: NetName=3V3 Pin=U2-3
Removed Pin From Net: NetName=RST Pin=U2-4
Removed Pin From Net: NetName=IO0 Pin=U2-5
Removed Pin From Net: NetName=GND Pin=U2-9
Removed Pin From Net: NetName=SCK Pin=U2-12
Removed Pin From Net: NetName=MISO Pin=U2-13
Removed Pin From Net: NetName=MOSI Pin=U2-14
Removed Pin From Net: NetName=NSS Pin=U2-15
Removed Pin From Net: NetName=GND Pin=U2-16
Added Component: Designator=U2(LoRa Ra 02 Module 2)
Added Pin To Net: NetName=GND Pin=U2-1
Added Pin To Net: NetName=GND Pin=U2-2
Added Pin To Net: NetName=3V3 Pin=U2-3
Added Pin To Net: NetName=RST Pin=U2-4
Added Pin To Net: NetName=IO0 Pin=U2-5
Added Pin To Net: NetName=GND Pin=U2-9
Added Pin To Net: NetName=SCK Pin=U2-12
Added Pin To Net: NetName=MISO Pin=U2-13
Added Pin To Net: NetName=MOSI Pin=U2-14
Added Pin To Net: NetName=NSS Pin=U2-15
Added Pin To Net: NetName=GND Pin=U2-16
Added Room: Name=NodeSensor
