Added Component: Designator=R8(tro vach 1/4w)
Add component (AddParameter): Name = "Chung_Loai"; Value = "C?m"; VariantName = "[No Variations]"
Add component (AddParameter): Name = "Don_Vi"; Value = "Con"; VariantName = "[No Variations]"
Add component (AddParameter): Name = "Kieu_Chan"; Value = ""; VariantName = "[No Variations]"
Add component (AddParameter): Name = "Ma_Hang"; Value = "MH007304"; VariantName = "[No Variations]"
Add component (AddParameter): Name = "So_Chan"; Value = "2"; VariantName = "[No Variations]"
Add component (AddParameter): Name = "Ten_Linh_Kien"; Value = "Tr? V?ch 1/4w 5% 27k"; VariantName = "[No Variations]"
Added Component: Designator=R9(tro vach 1/4w)
Add component (AddParameter): Name = "Chung_Loai"; Value = "C?m"; VariantName = "[No Variations]"
Add component (AddParameter): Name = "Don_Vi"; Value = "Con"; VariantName = "[No Variations]"
Add component (AddParameter): Name = "Kieu_Chan"; Value = ""; VariantName = "[No Variations]"
Add component (AddParameter): Name = "Ma_Hang"; Value = "MH007304"; VariantName = "[No Variations]"
Add component (AddParameter): Name = "So_Chan"; Value = "2"; VariantName = "[No Variations]"
Add component (AddParameter): Name = "Ten_Linh_Kien"; Value = "Tr? V?ch 1/4w 5% 27k"; VariantName = "[No Variations]"
Added Pin To Net: NetName=NetJ1_1 Pin=R8-1
Added Pin To Net: NetName=B+ Pin=R8-2
Added Pin To Net: NetName=GND Pin=R9-1
Added Pin To Net: NetName=NetJ1_1 Pin=R9-2
Added Member To Class: ClassName=NodeSensor Member=Component BT1 Pin 18650 x2
Added Member To Class: ClassName=NodeSensor Member=Component L2 LED 3mm
Added Member To Class: ClassName=NodeSensor Member=Component R8 27K
Added Member To Class: ClassName=NodeSensor Member=Component R9 100K
Added Room: Name=NodeSensor
