Removed Pin From Net: NetName=RXD Pin=ESP1-34
Removed Pin From Net: NetName=TXD Pin=ESP1-35
Removed Pin From Net: NetName=G33 Pin=GPIO-1
Removed Pin From Net: NetName=G32 Pin=GPIO-2
Removed Pin From Net: NetName=G35 Pin=GPIO-3
Removed Pin From Net: NetName=G34 Pin=GPIO-4
Removed Pin From Net: NetName=G2 Pin=GPIO-5
Removed Pin From Net: NetName=G21 Pin=GPIO-9
Removed Pin From Net: NetName=G22 Pin=GPIO-10
Removed Member From Class: ClassName=NodeSensor Member=GPIO
Added Component: Designator=JP1(JP 1x7 CT)
Add component (AddParameter): Name = "Chung_Loai"; Value = "C?m"; VariantName = "[No Variations]"
Add component (AddParameter): Name = "Don_Vi"; Value = "Con"; VariantName = "[No Variations]"
Add component (AddParameter): Name = "Ghi_Chu"; Value = ""; VariantName = "[No Variations]"
Add component (AddParameter): Name = "Kieu_Chan"; Value = ""; VariantName = "[No Variations]"
Add component (AddParameter): Name = "Ma_Hang"; Value = "MH004006"; VariantName = "[No Variations]"
Add component (AddParameter): Name = "Ten_Linh_Kien"; Value = "Jump Ðon Cái 2.54MM 1x20P Th?ng"; VariantName = "[No Variations]"
Added Pin To Net: NetName=RXD Pin=ESP1-27
Added Pin To Net: NetName=TXD Pin=ESP1-28
Added Pin To Net: NetName=G33 Pin=JP1-1
Added Pin To Net: NetName=G32 Pin=JP1-2
Added Pin To Net: NetName=G35 Pin=JP1-3
Added Pin To Net: NetName=G34 Pin=JP1-4
Added Pin To Net: NetName=G2 Pin=JP1-5
Added Pin To Net: NetName=G21 Pin=JP1-6
Added Pin To Net: NetName=G22 Pin=JP1-7
Added Member To Class: ClassName=NodeSensor Member=Component ESP1 Devkit
Added Member To Class: ClassName=NodeSensor Member=Component JP1 GPIO
Added Room: Name=NodeSensor
