Added Component: Designator=3V3(JP 1x3 CT)
Add component (AddParameter): Name = "Chung_Loai"; Value = "C?m"; VariantName = "[No Variations]"
Add component (AddParameter): Name = "Don_Vi"; Value = "Con"; VariantName = "[No Variations]"
Add component (AddParameter): Name = "Ghi_Chu"; Value = ""; VariantName = "[No Variations]"
Add component (AddParameter): Name = "Kieu_Chan"; Value = ""; VariantName = "[No Variations]"
Add component (AddParameter): Name = "Ma_Hang"; Value = "MH004006"; VariantName = "[No Variations]"
Add component (AddParameter): Name = "Ten_Linh_Kien"; Value = "Jump Ðon Cái 2.54MM 1x20P Th?ng"; VariantName = "[No Variations]"
Added Component: Designator=5V(JP 1x3 CT)
Add component (AddParameter): Name = "Chung_Loai"; Value = "C?m"; VariantName = "[No Variations]"
Add component (AddParameter): Name = "Don_Vi"; Value = "Con"; VariantName = "[No Variations]"
Add component (AddParameter): Name = "Ghi_Chu"; Value = ""; VariantName = "[No Variations]"
Add component (AddParameter): Name = "Kieu_Chan"; Value = ""; VariantName = "[No Variations]"
Add component (AddParameter): Name = "Ma_Hang"; Value = "MH004006"; VariantName = "[No Variations]"
Add component (AddParameter): Name = "Ten_Linh_Kien"; Value = "Jump Ðon Cái 2.54MM 1x20P Th?ng"; VariantName = "[No Variations]"
Added Component: Designator=BT1(De Pin 18650 x2)
Added Component: Designator=C1(tu 0805)
Add component (AddParameter): Name = "Chung_Loai"; Value = "Dán"; VariantName = "[No Variations]"
Add component (AddParameter): Name = "Don_Vi"; Value = "Con"; VariantName = "[No Variations]"
Add component (AddParameter): Name = "Kieu_Chan"; Value = ""; VariantName = "[No Variations]"
Add component (AddParameter): Name = "Ma_Hang"; Value = "MH004551"; VariantName = "[No Variations]"
Add component (AddParameter): Name = "So_Chan"; Value = "2"; VariantName = "[No Variations]"
Add component (AddParameter): Name = "Ten_Linh_Kien"; Value = "T? 0805 104-100nF 10% 50V"; VariantName = "[No Variations]"
Added Component: Designator=C2(tu 0805)
Add component (AddParameter): Name = "Chung_Loai"; Value = "Dán"; VariantName = "[No Variations]"
Add component (AddParameter): Name = "Don_Vi"; Value = "Con"; VariantName = "[No Variations]"
Add component (AddParameter): Name = "Kieu_Chan"; Value = ""; VariantName = "[No Variations]"
Add component (AddParameter): Name = "Ma_Hang"; Value = "MH004551"; VariantName = "[No Variations]"
Add component (AddParameter): Name = "So_Chan"; Value = "2"; VariantName = "[No Variations]"
Add component (AddParameter): Name = "Ten_Linh_Kien"; Value = "T? 0805 104-100nF 10% 50V"; VariantName = "[No Variations]"
Added Component: Designator=C3(tu 0805)
Add component (AddParameter): Name = "Chung_Loai"; Value = "Dán"; VariantName = "[No Variations]"
Add component (AddParameter): Name = "Don_Vi"; Value = "Con"; VariantName = "[No Variations]"
Add component (AddParameter): Name = "Kieu_Chan"; Value = ""; VariantName = "[No Variations]"
Add component (AddParameter): Name = "Ma_Hang"; Value = "MH004551"; VariantName = "[No Variations]"
Add component (AddParameter): Name = "So_Chan"; Value = "2"; VariantName = "[No Variations]"
Add component (AddParameter): Name = "Ten_Linh_Kien"; Value = "T? 0805 104-100nF 10% 50V"; VariantName = "[No Variations]"
Added Component: Designator=C4(tu 1206)
Add component (AddParameter): Name = "Chung_Loai"; Value = "Dán"; VariantName = "[No Variations]"
Add component (AddParameter): Name = "Don_Vi"; Value = "Con"; VariantName = "[No Variations]"
Add component (AddParameter): Name = "Kieu_Chan"; Value = ""; VariantName = "[No Variations]"
Add component (AddParameter): Name = "Ma_Hang"; Value = "MH004546"; VariantName = "[No Variations]"
Add component (AddParameter): Name = "So_Chan"; Value = "2"; VariantName = "[No Variations]"
Add component (AddParameter): Name = "Ten_Linh_Kien"; Value = "T? 1206 226-22uF 20% 16V"; VariantName = "[No Variations]"
Added Component: Designator=C5(tu 1206)
Add component (AddParameter): Name = "Chung_Loai"; Value = "Dán"; VariantName = "[No Variations]"
Add component (AddParameter): Name = "Don_Vi"; Value = "Con"; VariantName = "[No Variations]"
Add component (AddParameter): Name = "Kieu_Chan"; Value = ""; VariantName = "[No Variations]"
Add component (AddParameter): Name = "Ma_Hang"; Value = "MH004546"; VariantName = "[No Variations]"
Add component (AddParameter): Name = "So_Chan"; Value = "2"; VariantName = "[No Variations]"
Add component (AddParameter): Name = "Ten_Linh_Kien"; Value = "T? 1206 226-22uF 20% 16V"; VariantName = "[No Variations]"
Added Component: Designator=D1A(DIODE 1A)
Add component (AddParameter): Name = "Chung_Loai"; Value = "C?m"; VariantName = "[No Variations]"
Add component (AddParameter): Name = "Don_Vi"; Value = "Con"; VariantName = "[No Variations]"
Add component (AddParameter): Name = "Ghi Chu"; Value = ""; VariantName = "[No Variations]"
Add component (AddParameter): Name = "Kieu_Chan"; Value = ""; VariantName = "[No Variations]"
Add component (AddParameter): Name = "Ma_Hang"; Value = "MH001063"; VariantName = "[No Variations]"
Add component (AddParameter): Name = "Ten_Linh_Kien"; Value = "Diode 1N4007 1A (DIP)"; VariantName = "[No Variations]"
Added Component: Designator=D1(DIODE SMA)
Add component (AddParameter): Name = "Chung_Loai"; Value = "Dán"; VariantName = "[No Variations]"
Add component (AddParameter): Name = "Don_Vi"; Value = "Con"; VariantName = "[No Variations]"
Add component (AddParameter): Name = "Ghi_Chu"; Value = ""; VariantName = "[No Variations]"
Add component (AddParameter): Name = "Kieu_Chan"; Value = ""; VariantName = "[No Variations]"
Add component (AddParameter): Name = "Ma_Hang"; Value = "MH002104"; VariantName = "[No Variations]"
Add component (AddParameter): Name = "Ten_Linh_Kien"; Value = "Diode SS34 3A 40V SMA ( 1N5822 SS34A)"; VariantName = "[No Variations]"
Added Component: Designator=DHT1(DHT11 Module)
Added Component: Designator=ESP1(ESP32 DEVKIT 38Pin)
Added Component: Designator=GPIO(JP 1x6 CT)
Add component (AddParameter): Name = "Chung_Loai"; Value = "C?m"; VariantName = "[No Variations]"
Add component (AddParameter): Name = "Don_Vi"; Value = "Con"; VariantName = "[No Variations]"
Add component (AddParameter): Name = "Ghi_Chu"; Value = ""; VariantName = "[No Variations]"
Add component (AddParameter): Name = "Kieu_Chan"; Value = ""; VariantName = "[No Variations]"
Add component (AddParameter): Name = "Ma_Hang"; Value = "MH004006"; VariantName = "[No Variations]"
Add component (AddParameter): Name = "Ten_Linh_Kien"; Value = "Jump Ðon Cái 2.54MM 1x20P Th?ng"; VariantName = "[No Variations]"
Added Component: Designator=IC1(DW01A)
Added Component: Designator=IC2(FS8205)
Added Component: Designator=JACK DC1(JACK DC 5.5)
Add component (AddParameter): Name = "Value"; Value = "Jac DC"; VariantName = "[No Variations]"
Added Component: Designator=JP4(JP 1x1 DT)
Add component (AddParameter): Name = "Chung_Loai"; Value = "C?m"; VariantName = "[No Variations]"
Add component (AddParameter): Name = "Don_Vi"; Value = "Con"; VariantName = "[No Variations]"
Add component (AddParameter): Name = "Ghi_Chu"; Value = ""; VariantName = "[No Variations]"
Add component (AddParameter): Name = "Kieu_Chan"; Value = ""; VariantName = "[No Variations]"
Add component (AddParameter): Name = "Ma_Hang"; Value = "MH000903"; VariantName = "[No Variations]"
Add component (AddParameter): Name = "Ten_Linh_Kien"; Value = "Jump Ðon Ð?c 2.54MM 1x40P Th?ng 11MM"; VariantName = "[No Variations]"
Added Component: Designator=L1(Cuon Cam 7x7x5)
Add component (AddParameter): Name = "Chung_Loai"; Value = "Dán"; VariantName = "[No Variations]"
Add component (AddParameter): Name = "Don_Vi"; Value = "Con"; VariantName = "[No Variations]"
Add component (AddParameter): Name = "Ghi_Chu"; Value = ""; VariantName = "[No Variations]"
Add component (AddParameter): Name = "Kieu_Chan"; Value = ""; VariantName = "[No Variations]"
Add component (AddParameter): Name = "Ma_Hang"; Value = "MH004211"; VariantName = "[No Variations]"
Add component (AddParameter): Name = "Ten_Linh_Kien"; Value = "Cu?n C?m 47uH 7x7x4MM CD74R"; VariantName = "[No Variations]"
Added Component: Designator=L2(LED-3MM-GREEN)
Add component (AddParameter): Name = "Chung_Loai"; Value = "C?m"; VariantName = "[No Variations]"
Add component (AddParameter): Name = "Don_Vi"; Value = "Con"; VariantName = "[No Variations]"
Add component (AddParameter): Name = "Ghi_Chu"; Value = ""; VariantName = "[No Variations]"
Add component (AddParameter): Name = "Kieu_Chan"; Value = ""; VariantName = "[No Variations]"
Add component (AddParameter): Name = "Ma_Hang"; Value = "MH001054"; VariantName = "[No Variations]"
Add component (AddParameter): Name = "Ten_Linh_Kien"; Value = "Led 3MM Ph? Xanh (10c)"; VariantName = "[No Variations]"
Added Component: Designator=LED1(SM-LED-0805-Red)
Added Component: Designator=LED2(SM-LED-0805-Red)
Added Component: Designator=LIGHT(Soil /Light Sensor)
Added Component: Designator=R1(tro smd 0805)
Add component (AddParameter): Name = "Chung_Loai"; Value = "Dán"; VariantName = "[No Variations]"
Add component (AddParameter): Name = "Don_Vi"; Value = "Con"; VariantName = "[No Variations]"
Add component (AddParameter): Name = "Kieu_Chan"; Value = ""; VariantName = "[No Variations]"
Add component (AddParameter): Name = "Ma_Hang"; Value = "MH005234"; VariantName = "[No Variations]"
Add component (AddParameter): Name = "So_Chan"; Value = "2"; VariantName = "[No Variations]"
Add component (AddParameter): Name = "Ten_Linh_Kien"; Value = "Tr? 0805 5% 1k"; VariantName = "[No Variations]"
Added Component: Designator=R2(tro smd 0805)
Add component (AddParameter): Name = "Chung_Loai"; Value = "Dán"; VariantName = "[No Variations]"
Add component (AddParameter): Name = "Don_Vi"; Value = "Con"; VariantName = "[No Variations]"
Add component (AddParameter): Name = "Kieu_Chan"; Value = ""; VariantName = "[No Variations]"
Add component (AddParameter): Name = "Ma_Hang"; Value = "MH005234"; VariantName = "[No Variations]"
Add component (AddParameter): Name = "So_Chan"; Value = "2"; VariantName = "[No Variations]"
Add component (AddParameter): Name = "Ten_Linh_Kien"; Value = "Tr? 0805 5% 1k"; VariantName = "[No Variations]"
Added Component: Designator=R3(tro smd 0805)
Add component (AddParameter): Name = "Chung_Loai"; Value = "Dán"; VariantName = "[No Variations]"
Add component (AddParameter): Name = "Don_Vi"; Value = "Con"; VariantName = "[No Variations]"
Add component (AddParameter): Name = "Kieu_Chan"; Value = ""; VariantName = "[No Variations]"
Add component (AddParameter): Name = "Ma_Hang"; Value = "MH005234"; VariantName = "[No Variations]"
Add component (AddParameter): Name = "So_Chan"; Value = "2"; VariantName = "[No Variations]"
Add component (AddParameter): Name = "Ten_Linh_Kien"; Value = "Tr? 0805 5% 1k"; VariantName = "[No Variations]"
Added Component: Designator=R4(tro smd 0805)
Add component (AddParameter): Name = "Chung_Loai"; Value = "Dán"; VariantName = "[No Variations]"
Add component (AddParameter): Name = "Don_Vi"; Value = "Con"; VariantName = "[No Variations]"
Add component (AddParameter): Name = "Kieu_Chan"; Value = ""; VariantName = "[No Variations]"
Add component (AddParameter): Name = "Ma_Hang"; Value = "MH005234"; VariantName = "[No Variations]"
Add component (AddParameter): Name = "So_Chan"; Value = "2"; VariantName = "[No Variations]"
Add component (AddParameter): Name = "Ten_Linh_Kien"; Value = "Tr? 0805 5% 1k"; VariantName = "[No Variations]"
Added Component: Designator=R5(tro smd 0805)
Add component (AddParameter): Name = "Chung_Loai"; Value = "Dán"; VariantName = "[No Variations]"
Add component (AddParameter): Name = "Don_Vi"; Value = "Con"; VariantName = "[No Variations]"
Add component (AddParameter): Name = "Kieu_Chan"; Value = ""; VariantName = "[No Variations]"
Add component (AddParameter): Name = "Ma_Hang"; Value = "MH005234"; VariantName = "[No Variations]"
Add component (AddParameter): Name = "So_Chan"; Value = "2"; VariantName = "[No Variations]"
Add component (AddParameter): Name = "Ten_Linh_Kien"; Value = "Tr? 0805 5% 1k"; VariantName = "[No Variations]"
Added Component: Designator=R6(tro smd 0805)
Add component (AddParameter): Name = "Chung_Loai"; Value = "Dán"; VariantName = "[No Variations]"
Add component (AddParameter): Name = "Don_Vi"; Value = "Con"; VariantName = "[No Variations]"
Add component (AddParameter): Name = "Kieu_Chan"; Value = ""; VariantName = "[No Variations]"
Add component (AddParameter): Name = "Ma_Hang"; Value = "MH005234"; VariantName = "[No Variations]"
Add component (AddParameter): Name = "So_Chan"; Value = "2"; VariantName = "[No Variations]"
Add component (AddParameter): Name = "Ten_Linh_Kien"; Value = "Tr? 0805 5% 1k"; VariantName = "[No Variations]"
Added Component: Designator=R7(tro smd 0805)
Add component (AddParameter): Name = "Chung_Loai"; Value = "Dán"; VariantName = "[No Variations]"
Add component (AddParameter): Name = "Don_Vi"; Value = "Con"; VariantName = "[No Variations]"
Add component (AddParameter): Name = "Kieu_Chan"; Value = ""; VariantName = "[No Variations]"
Add component (AddParameter): Name = "Ma_Hang"; Value = "MH005234"; VariantName = "[No Variations]"
Add component (AddParameter): Name = "So_Chan"; Value = "2"; VariantName = "[No Variations]"
Add component (AddParameter): Name = "Ten_Linh_Kien"; Value = "Tr? 0805 5% 1k"; VariantName = "[No Variations]"
Added Component: Designator=R8(tro smd 0805)
Add component (AddParameter): Name = "Chung_Loai"; Value = "Dán"; VariantName = "[No Variations]"
Add component (AddParameter): Name = "Don_Vi"; Value = "Con"; VariantName = "[No Variations]"
Add component (AddParameter): Name = "Kieu_Chan"; Value = ""; VariantName = "[No Variations]"
Add component (AddParameter): Name = "Ma_Hang"; Value = "MH005234"; VariantName = "[No Variations]"
Add component (AddParameter): Name = "So_Chan"; Value = "2"; VariantName = "[No Variations]"
Add component (AddParameter): Name = "Ten_Linh_Kien"; Value = "Tr? 0805 5% 1k"; VariantName = "[No Variations]"
Added Component: Designator=R9(tro smd 0805)
Add component (AddParameter): Name = "Chung_Loai"; Value = "Dán"; VariantName = "[No Variations]"
Add component (AddParameter): Name = "Don_Vi"; Value = "Con"; VariantName = "[No Variations]"
Add component (AddParameter): Name = "Kieu_Chan"; Value = ""; VariantName = "[No Variations]"
Add component (AddParameter): Name = "Ma_Hang"; Value = "MH005234"; VariantName = "[No Variations]"
Add component (AddParameter): Name = "So_Chan"; Value = "2"; VariantName = "[No Variations]"
Add component (AddParameter): Name = "Ten_Linh_Kien"; Value = "Tr? 0805 5% 1k"; VariantName = "[No Variations]"
Added Component: Designator=SOIL(Soil /Light Sensor)
Added Component: Designator=SW1(CONG TAC GAT 3 PIN NGANG)
Added Component: Designator=T1(Bien Tro Vi Chinh Dung)
Add component (AddParameter): Name = "Chung_Loai"; Value = "C?m"; VariantName = "[No Variations]"
Add component (AddParameter): Name = "Don_Vi"; Value = "Con"; VariantName = "[No Variations]"
Add component (AddParameter): Name = "Ghi_Chu"; Value = ""; VariantName = "[No Variations]"
Add component (AddParameter): Name = "Kieu_Chan"; Value = ""; VariantName = "[No Variations]"
Add component (AddParameter): Name = "Ma_Hang"; Value = "MH003232"; VariantName = "[No Variations]"
Add component (AddParameter): Name = "Ten_Linh_Kien"; Value = "Bi?n Tr? VR 103-10K 3296W"; VariantName = "[No Variations]"
Added Component: Designator=U1(TP4056)
Added Component: Designator=U2(LoRa Ra 02 Module 2)
Added Component: Designator=U3(MT3608)
Added Component: Designator=UART(JP 1x3 CT)
Add component (AddParameter): Name = "Chung_Loai"; Value = "C?m"; VariantName = "[No Variations]"
Add component (AddParameter): Name = "Don_Vi"; Value = "Con"; VariantName = "[No Variations]"
Add component (AddParameter): Name = "Ghi_Chu"; Value = ""; VariantName = "[No Variations]"
Add component (AddParameter): Name = "Kieu_Chan"; Value = ""; VariantName = "[No Variations]"
Add component (AddParameter): Name = "Ma_Hang"; Value = "MH004006"; VariantName = "[No Variations]"
Add component (AddParameter): Name = "Ten_Linh_Kien"; Value = "Jump Ðon Cái 2.54MM 1x20P Th?ng"; VariantName = "[No Variations]"
Added Pin To Net: NetName=3V3 Pin=3V3-1
Added Pin To Net: NetName=3V3 Pin=3V3-2
Added Pin To Net: NetName=3V3 Pin=3V3-3
Added Pin To Net: NetName=5V+ Pin=5V-1
Added Pin To Net: NetName=5V+ Pin=5V-2
Added Pin To Net: NetName=5V+ Pin=5V-3
Added Pin To Net: NetName=B+ Pin=BT1-1
Added Pin To Net: NetName=B+ Pin=BT1-1
Added Pin To Net: NetName=B- Pin=BT1-2
Added Pin To Net: NetName=B- Pin=BT1-2
Added Pin To Net: NetName=B+ Pin=C1-1
Added Pin To Net: NetName=GND Pin=C1-2
Added Pin To Net: NetName=NetC2_1 Pin=C2-1
Added Pin To Net: NetName=B- Pin=C2-2
Added Pin To Net: NetName=GND Pin=C3-1
Added Pin To Net: NetName=NetC3_2 Pin=C3-2
Added Pin To Net: NetName=NetC4_1 Pin=C4-1
Added Pin To Net: NetName=GND Pin=C4-2
Added Pin To Net: NetName=5V+ Pin=C5-1
Added Pin To Net: NetName=GND Pin=C5-2
Added Pin To Net: NetName=NetD1_1 Pin=D1-1
Added Pin To Net: NetName=5V+ Pin=D1-2
Added Pin To Net: NetName=NetD1A_1 Pin=D1A-1
Added Pin To Net: NetName=NetC3_2 Pin=D1A-2
Added Pin To Net: NetName=GND Pin=DHT1-1
Added Pin To Net: NetName=DAT Pin=DHT1-2
Added Pin To Net: NetName=DHT_V Pin=DHT1-3
Added Pin To Net: NetName=3V3 Pin=ESP1-1
Added Pin To Net: NetName=G34 Pin=ESP1-5
Added Pin To Net: NetName=G35 Pin=ESP1-6
Added Pin To Net: NetName=G32 Pin=ESP1-7
Added Pin To Net: NetName=G33 Pin=ESP1-8
Added Pin To Net: NetName=SOIL_V Pin=ESP1-9
Added Pin To Net: NetName=A0 SOIL Pin=ESP1-10
Added Pin To Net: NetName=LIGHT_V Pin=ESP1-11
Added Pin To Net: NetName=A0 LIGHT Pin=ESP1-12
Added Pin To Net: NetName=DHT_V Pin=ESP1-13
Added Pin To Net: NetName=GND Pin=ESP1-14
Added Pin To Net: NetName=DAT Pin=ESP1-15
Added Pin To Net: NetName=5V+ Pin=ESP1-19
Added Pin To Net: NetName=RST Pin=ESP1-23
Added Pin To Net: NetName=IO0 Pin=ESP1-26
Added Pin To Net: NetName=RXD2 Pin=ESP1-27
Added Pin To Net: NetName=TXD2 Pin=ESP1-28
Added Pin To Net: NetName=NSS Pin=ESP1-29
Added Pin To Net: NetName=SCK Pin=ESP1-30
Added Pin To Net: NetName=MISO Pin=ESP1-31
Added Pin To Net: NetName=GND Pin=ESP1-32
Added Pin To Net: NetName=G21 Pin=ESP1-33
Added Pin To Net: NetName=G22 Pin=ESP1-36
Added Pin To Net: NetName=MOSI Pin=ESP1-37
Added Pin To Net: NetName=GND Pin=ESP1-38
Added Pin To Net: NetName=G33 Pin=GPIO-1
Added Pin To Net: NetName=G32 Pin=GPIO-2
Added Pin To Net: NetName=G35 Pin=GPIO-3
Added Pin To Net: NetName=G34 Pin=GPIO-4
Added Pin To Net: NetName=G21 Pin=GPIO-5
Added Pin To Net: NetName=G22 Pin=GPIO-6
Added Pin To Net: NetName=OD Pin=IC1-1
Added Pin To Net: NetName=NetIC1_2 Pin=IC1-2
Added Pin To Net: NetName=OC Pin=IC1-3
Added Pin To Net: NetName=NetC2_1 Pin=IC1-5
Added Pin To Net: NetName=B- Pin=IC1-6
Added Pin To Net: NetName=GND Pin=IC2-1
Added Pin To Net: NetName=B- Pin=IC2-3
Added Pin To Net: NetName=OD Pin=IC2-4
Added Pin To Net: NetName=OC Pin=IC2-6
Added Pin To Net: NetName=NetD1A_1 Pin=JACK DC1-1
Added Pin To Net: NetName=GND Pin=JACK DC1-2
Added Pin To Net: NetName=GND Pin=JACK DC1-3
Added Pin To Net: NetName=NetJP4_1 Pin=JP4-1
Added Pin To Net: NetName=NetC4_1 Pin=L1-1
Added Pin To Net: NetName=NetD1_1 Pin=L1-2
Added Pin To Net: NetName=NetL2_1 Pin=L2-1
Added Pin To Net: NetName=GND Pin=L2-2
Added Pin To Net: NetName=NetC3_2 Pin=LED1-1
Added Pin To Net: NetName=NetLED1_2 Pin=LED1-2
Added Pin To Net: NetName=NetC3_2 Pin=LED2-1
Added Pin To Net: NetName=NetLED2_2 Pin=LED2-2
Added Pin To Net: NetName=A0 LIGHT Pin=LIGHT-1
Added Pin To Net: NetName=A0 LIGHT Pin=LIGHT-1
Added Pin To Net: NetName=GND Pin=LIGHT-3
Added Pin To Net: NetName=LIGHT_V Pin=LIGHT-4
Added Pin To Net: NetName=NetLED1_2 Pin=R1-1
Added Pin To Net: NetName=NetR1_2 Pin=R1-2
Added Pin To Net: NetName=NetLED2_2 Pin=R2-1
Added Pin To Net: NetName=NetR2_2 Pin=R2-2
Added Pin To Net: NetName=NetR3_1 Pin=R3-1
Added Pin To Net: NetName=GND Pin=R3-2
Added Pin To Net: NetName=NetIC1_2 Pin=R4-1
Added Pin To Net: NetName=GND Pin=R4-2
Added Pin To Net: NetName=NetC2_1 Pin=R5-1
Added Pin To Net: NetName=B+ Pin=R5-2
Added Pin To Net: NetName=NetR6_1 Pin=R6-1
Added Pin To Net: NetName=GND Pin=R6-2
Added Pin To Net: NetName=5V+ Pin=R7-1
Added Pin To Net: NetName=NetL2_1 Pin=R7-2
Added Pin To Net: NetName=B+ Pin=R8-1
Added Pin To Net: NetName=NetJP4_1 Pin=R8-2
Added Pin To Net: NetName=NetJP4_1 Pin=R9-1
Added Pin To Net: NetName=GND Pin=R9-2
Added Pin To Net: NetName=A0 SOIL Pin=SOIL-1
Added Pin To Net: NetName=A0 SOIL Pin=SOIL-1
Added Pin To Net: NetName=GND Pin=SOIL-3
Added Pin To Net: NetName=SOIL_V Pin=SOIL-4
Added Pin To Net: NetName=B+ Pin=SW1-1
Added Pin To Net: NetName=B+ Pin=SW1-2
Added Pin To Net: NetName=NetC4_1 Pin=SW1-3
Added Pin To Net: NetName=NetR6_1 Pin=T1-1
Added Pin To Net: NetName=NetT1_2 Pin=T1-2
Added Pin To Net: NetName=5V+ Pin=T1-3
Added Pin To Net: NetName=GND Pin=U1-1
Added Pin To Net: NetName=NetR3_1 Pin=U1-2
Added Pin To Net: NetName=GND Pin=U1-3
Added Pin To Net: NetName=NetC3_2 Pin=U1-4
Added Pin To Net: NetName=B+ Pin=U1-5
Added Pin To Net: NetName=NetR1_2 Pin=U1-6
Added Pin To Net: NetName=NetR2_2 Pin=U1-7
Added Pin To Net: NetName=NetC3_2 Pin=U1-8
Added Pin To Net: NetName=GND Pin=U2-1
Added Pin To Net: NetName=GND Pin=U2-2
Added Pin To Net: NetName=3V3 Pin=U2-3
Added Pin To Net: NetName=RST Pin=U2-4
Added Pin To Net: NetName=IO0 Pin=U2-5
Added Pin To Net: NetName=GND Pin=U2-9
Added Pin To Net: NetName=SCK Pin=U2-12
Added Pin To Net: NetName=MISO Pin=U2-13
Added Pin To Net: NetName=MOSI Pin=U2-14
Added Pin To Net: NetName=NSS Pin=U2-15
Added Pin To Net: NetName=GND Pin=U2-16
Added Pin To Net: NetName=NetD1_1 Pin=U3-1
Added Pin To Net: NetName=GND Pin=U3-2
Added Pin To Net: NetName=NetT1_2 Pin=U3-3
Added Pin To Net: NetName=NetC4_1 Pin=U3-4
Added Pin To Net: NetName=NetC4_1 Pin=U3-5
Added Pin To Net: NetName=TXD2 Pin=UART-1
Added Pin To Net: NetName=RXD2 Pin=UART-2
Added Pin To Net: NetName=GND Pin=UART-3
Added Member To Class: ClassName=NodeSensor Member=Component 3V3 JP 1x3 2.54
Added Member To Class: ClassName=NodeSensor Member=Component 5V JP 1x3 2.54
Added Member To Class: ClassName=NodeSensor Member=Component BT1 Pin 18650 x2
Added Member To Class: ClassName=NodeSensor Member=Component C1 10uF
Added Member To Class: ClassName=NodeSensor Member=Component C2 100nF
Added Member To Class: ClassName=NodeSensor Member=Component C3 100nF
Added Member To Class: ClassName=NodeSensor Member=Component C4 22uF
Added Member To Class: ClassName=NodeSensor Member=Component C5 22uF
Added Member To Class: ClassName=NodeSensor Member=Component D1A 1n4007
Added Member To Class: ClassName=NodeSensor Member=Component D1 SS34
Added Member To Class: ClassName=NodeSensor Member=Component DHT1 DHT11
Added Member To Class: ClassName=NodeSensor Member=Component ESP1 Devkit
Added Member To Class: ClassName=NodeSensor Member=Component GPIO JP 1x6 2.54
Added Member To Class: ClassName=NodeSensor Member=Component IC1 DW01A
Added Member To Class: ClassName=NodeSensor Member=Component IC2 FS8205
Added Member To Class: ClassName=NodeSensor Member=Component JACK DC1 JACK DC 5.5
Added Member To Class: ClassName=NodeSensor Member=Component JP4 JP 1x1 2.54
Added Member To Class: ClassName=NodeSensor Member=Component L1 22uH
Added Member To Class: ClassName=NodeSensor Member=Component L2 LED 3mm
Added Member To Class: ClassName=NodeSensor Member=Component LED1 LED SMD
Added Member To Class: ClassName=NodeSensor Member=Component LED2 LED SMD
Added Member To Class: ClassName=NodeSensor Member=Component LIGHT LM393 Sensor
Added Member To Class: ClassName=NodeSensor Member=Component R1 1K
Added Member To Class: ClassName=NodeSensor Member=Component R2 1K
Added Member To Class: ClassName=NodeSensor Member=Component R3 1.2K
Added Member To Class: ClassName=NodeSensor Member=Component R4 1K
Added Member To Class: ClassName=NodeSensor Member=Component R5 100R
Added Member To Class: ClassName=NodeSensor Member=Component R6 2.2K
Added Member To Class: ClassName=NodeSensor Member=Component R7 330R
Added Member To Class: ClassName=NodeSensor Member=Component R8 27K
Added Member To Class: ClassName=NodeSensor Member=Component R9 100K
Added Member To Class: ClassName=NodeSensor Member=Component SOIL LM393 Sensor
Added Member To Class: ClassName=NodeSensor Member=Component SW1 SW
Added Member To Class: ClassName=NodeSensor Member=Component T1 100K
Added Member To Class: ClassName=NodeSensor Member=Component U1 TP4056
Added Member To Class: ClassName=NodeSensor Member=Component U2 Module
Added Member To Class: ClassName=NodeSensor Member=Component U3 MT3608
Added Member To Class: ClassName=NodeSensor Member=Component UART JP 1x3 2.54
Added Room: Name=NodeSensor
