Removed Pin From Net: NetName=G33 Pin=GPIO-1
Removed Pin From Net: NetName=G32 Pin=GPIO-2
Removed Pin From Net: NetName=G35 Pin=GPIO-3
Removed Pin From Net: NetName=G34 Pin=GPIO-4
Removed Pin From Net: NetName=G21 Pin=GPIO-6
Removed Pin From Net: NetName=G22 Pin=GPIO-7
Added Component: Designator=GPIO(JP 1x6 CT)
Add component (AddParameter): Name = "Chung_Loai"; Value = "C?m"; VariantName = "[No Variations]"
Add component (AddParameter): Name = "Don_Vi"; Value = "Con"; VariantName = "[No Variations]"
Add component (AddParameter): Name = "Ghi_Chu"; Value = ""; VariantName = "[No Variations]"
Add component (AddParameter): Name = "Kieu_Chan"; Value = ""; VariantName = "[No Variations]"
Add component (AddParameter): Name = "Ma_Hang"; Value = "MH004006"; VariantName = "[No Variations]"
Add component (AddParameter): Name = "Ten_Linh_Kien"; Value = "Jump Ðon Cái 2.54MM 1x20P Th?ng"; VariantName = "[No Variations]"
Added Pin To Net: NetName=G33 Pin=GPIO-1
Added Pin To Net: NetName=G32 Pin=GPIO-2
Added Pin To Net: NetName=G35 Pin=GPIO-3
Added Pin To Net: NetName=G34 Pin=GPIO-4
Added Pin To Net: NetName=G21 Pin=GPIO-5
Added Pin To Net: NetName=G22 Pin=GPIO-6
Added Room: Name=NodeSensor
