Removed Pin From Net: NetName=A0 LIGHT Pin=LIGHT-1
Removed Pin From Net: NetName=A0 LIGHT Pin=LIGHT-1
Removed Pin From Net: NetName=GND Pin=LIGHT-3
Removed Pin From Net: NetName=LIGHT_V Pin=LIGHT-4
Removed Pin From Net: NetName=A0 SOIL Pin=SOIL-1
Removed Pin From Net: NetName=A0 SOIL Pin=SOIL-1
Removed Pin From Net: NetName=GND Pin=SOIL-3
Removed Pin From Net: NetName=SOIL_V Pin=SOIL-4
Change Component Designator: OldDesignator=JD1 NewDesignator=JACK DC1
Added Component: Designator=LIGHT(Soil /Light Sensor)
Added Component: Designator=Soil(Soil /Light Sensor)
Added Pin To Net: NetName=A0 LIGHT Pin=LIGHT-1
Added Pin To Net: NetName=A0 LIGHT Pin=LIGHT-1
Added Pin To Net: NetName=GND Pin=LIGHT-3
Added Pin To Net: NetName=LIGHT_V Pin=LIGHT-4
Added Pin To Net: NetName=A0 SOIL Pin=Soil-1
Added Pin To Net: NetName=A0 SOIL Pin=Soil-1
Added Pin To Net: NetName=GND Pin=Soil-3
Added Pin To Net: NetName=SOIL_V Pin=Soil-4
Added Room: Name=NodeSensor
