Added Component: Designator=BT1(De Pin 18650 x2)
Added Component: Designator=BT2(De Pin 18650 x2)
Added Component: Designator=Changer 1(Mach sac Pin lithium 18650)
Added Component: Designator=Changer2(Mach sac Pin lithium 18650)
Added Component: Designator=JACK DC1(JACK DC 5.5)
Add component (AddParameter): Name = "Value"; Value = "Jac DC"; VariantName = "[No Variations]"
Added Component: Designator=JACK DC2(JACK DC 5.5)
Add component (AddParameter): Name = "Value"; Value = "Jac DC"; VariantName = "[No Variations]"
Added Component: Designator=S1(SW-DIP1)
Add component (AddParameter): Name = "ComponentLink1 Description"; Value = "Manufacturer"; VariantName = "[No Variations]"
Add component (AddParameter): Name = "ComponentLink1URL"; Value = "http://www.we-online.com"; VariantName = "[No Variations]"
Add component (AddParameter): Name = "ComponentLink2 Description"; Value = "Datasheet"; VariantName = "[No Variations]"
Add component (AddParameter): Name = "ComponentLink2URL"; Value = "http://katalog.we-online.de/em/datasheet/4181271609xx.pdf"; VariantName = "[No Variations]"
Add component (AddParameter): Name = "Created by"; Value = "Baojun Chen"; VariantName = "[No Variations]"
Add component (AddParameter): Name = "Created Date"; Value = "Dec.2015"; VariantName = "[No Variations]"
Add component (AddParameter): Name = "Manufacturer"; Value = "Wurth Elektronik"; VariantName = "[No Variations]"
Add component (AddParameter): Name = "Part No."; Value = "418127160901"; VariantName = "[No Variations]"
Add component (AddParameter): Name = "Pole"; Value = "01"; VariantName = "[No Variations]"
Added Component: Designator=S2(SW-DIP1)
Add component (AddParameter): Name = "ComponentLink1 Description"; Value = "Manufacturer"; VariantName = "[No Variations]"
Add component (AddParameter): Name = "ComponentLink1URL"; Value = "http://www.we-online.com"; VariantName = "[No Variations]"
Add component (AddParameter): Name = "ComponentLink2 Description"; Value = "Datasheet"; VariantName = "[No Variations]"
Add component (AddParameter): Name = "ComponentLink2URL"; Value = "http://katalog.we-online.de/em/datasheet/4181271609xx.pdf"; VariantName = "[No Variations]"
Add component (AddParameter): Name = "Created by"; Value = "Baojun Chen"; VariantName = "[No Variations]"
Add component (AddParameter): Name = "Created Date"; Value = "Dec.2015"; VariantName = "[No Variations]"
Add component (AddParameter): Name = "Manufacturer"; Value = "Wurth Elektronik"; VariantName = "[No Variations]"
Add component (AddParameter): Name = "Part No."; Value = "418127160901"; VariantName = "[No Variations]"
Add component (AddParameter): Name = "Pole"; Value = "01"; VariantName = "[No Variations]"
Added Component: Designator=U1(Boost ap DC-DC LM2577)
Added Component: Designator=U2(ESP32 WROOM DEVKIT V1)
Added Component: Designator=U3(LoRa Ra-02)
Added Component: Designator=U4(ESP32 WROOM DEVKIT V1)
Added Component: Designator=U5(Boost ap DC-DC LM2577)
Added Component: Designator=U6(LoRa Ra-02)
Added Pin To Net: NetName=NetBT1_1 Pin=BT1-1
Added Pin To Net: NetName=NetBT1_2 Pin=BT1-2
Added Pin To Net: NetName=NetBT2_1 Pin=BT2-1
Added Pin To Net: NetName=NetBT2_2 Pin=BT2-2
Added Pin To Net: NetName=NetChanger 1_1 Pin=Changer 1-1
Added Pin To Net: NetName=NetChanger 1_2 Pin=Changer 1-2
Added Pin To Net: NetName=NetChanger 1_3 Pin=Changer 1-3
Added Pin To Net: NetName=GND 1 Pin=Changer 1-4
Added Pin To Net: NetName=NetBT1_1 Pin=Changer 1-5
Added Pin To Net: NetName=NetBT1_2 Pin=Changer 1-6
Added Pin To Net: NetName=NetChanger2_1 Pin=Changer2-1
Added Pin To Net: NetName=NetChanger2_2 Pin=Changer2-2
Added Pin To Net: NetName=NetChanger2_3 Pin=Changer2-3
Added Pin To Net: NetName=GND 2 Pin=Changer2-4
Added Pin To Net: NetName=NetBT2_1 Pin=Changer2-5
Added Pin To Net: NetName=NetBT2_2 Pin=Changer2-6
Added Pin To Net: NetName=NetChanger 1_1 Pin=JACK DC1-1
Added Pin To Net: NetName=NetChanger 1_2 Pin=JACK DC1-2
Added Pin To Net: NetName=NetChanger 1_2 Pin=JACK DC1-3
Added Pin To Net: NetName=NetChanger2_1 Pin=JACK DC2-1
Added Pin To Net: NetName=NetChanger2_2 Pin=JACK DC2-2
Added Pin To Net: NetName=NetChanger2_2 Pin=JACK DC2-3
Added Pin To Net: NetName=NetChanger 1_3 Pin=S1-2
Added Pin To Net: NetName=NetChanger2_3 Pin=S2-2
Added Pin To Net: NetName=GND 1 Pin=U1-2
Added Pin To Net: NetName=+5V 1 Pin=U1-3
Added Pin To Net: NetName=GND 1 Pin=U1-4
Added Pin To Net: NetName=GND 1 Pin=U2-14
Added Pin To Net: NetName=+5V 1 Pin=U2-15
Added Pin To Net: NetName=3V3 1 Pin=U2-16
Added Pin To Net: NetName=GND 1 Pin=U2-17
Added Pin To Net: NetName=RST 1 Pin=U2-19
Added Pin To Net: NetName=IO 0 1 Pin=U2-20
Added Pin To Net: NetName=NSS 1 Pin=U2-23
Added Pin To Net: NetName=SCK 1 Pin=U2-24
Added Pin To Net: NetName=MISO 1 Pin=U2-25
Added Pin To Net: NetName=MOSI 1 Pin=U2-30
Added Pin To Net: NetName=MOSI 1 Pin=U3-1
Added Pin To Net: NetName=SCK 1 Pin=U3-2
Added Pin To Net: NetName=RST 1 Pin=U3-3
Added Pin To Net: NetName=GND 1 Pin=U3-4
Added Pin To Net: NetName=IO 0 1 Pin=U3-5
Added Pin To Net: NetName=MISO 1 Pin=U3-6
Added Pin To Net: NetName=NSS 1 Pin=U3-7
Added Pin To Net: NetName=3V3 1 Pin=U3-8
Added Pin To Net: NetName=GND 2 Pin=U4-14
Added Pin To Net: NetName=+5V 2 Pin=U4-15
Added Pin To Net: NetName=3V3 2 Pin=U4-16
Added Pin To Net: NetName=GND 2 Pin=U4-17
Added Pin To Net: NetName=RST 2 Pin=U4-19
Added Pin To Net: NetName=IO 0 2 Pin=U4-20
Added Pin To Net: NetName=NSS 2 Pin=U4-23
Added Pin To Net: NetName=SCK 2 Pin=U4-24
Added Pin To Net: NetName=MISO 2 Pin=U4-25
Added Pin To Net: NetName=MOSI 2 Pin=U4-30
Added Pin To Net: NetName=GND 2 Pin=U5-2
Added Pin To Net: NetName=+5V 2 Pin=U5-3
Added Pin To Net: NetName=GND 2 Pin=U5-4
Added Pin To Net: NetName=MOSI 2 Pin=U6-1
Added Pin To Net: NetName=SCK 2 Pin=U6-2
Added Pin To Net: NetName=RST 2 Pin=U6-3
Added Pin To Net: NetName=GND 2 Pin=U6-4
Added Pin To Net: NetName=IO 0 2 Pin=U6-5
Added Pin To Net: NetName=MISO 2 Pin=U6-6
Added Pin To Net: NetName=NSS 2 Pin=U6-7
Added Pin To Net: NetName=3V3 2 Pin=U6-8
Added Pin To Net: NetName=NetS1_1 Pin=S1-1
Added Pin To Net: NetName=NetS1_1 Pin=U1-1
Added Net: Name=NetS1_1
Added Pin To Net: NetName=NetS2_1 Pin=S2-1
Added Pin To Net: NetName=NetS2_1 Pin=U5-1
Added Net: Name=NetS2_1
Added Member To Class: ClassName=GateWay Member=Component BT1 Pin 18650 x2
Added Member To Class: ClassName=GateWay Member=Component BT2 Pin 18650 x2
Added Member To Class: ClassName=GateWay Member=Component Changer 1 Changer pin 18650
Added Member To Class: ClassName=GateWay Member=Component Changer2 Changer pin 18650
Added Member To Class: ClassName=GateWay Member=Component JACK DC1 JACK DC 5.5
Added Member To Class: ClassName=GateWay Member=Component JACK DC2 JACK DC 5.5
Added Member To Class: ClassName=GateWay Member=Component S1
Added Member To Class: ClassName=GateWay Member=Component S2
Added Member To Class: ClassName=GateWay Member=Component U1 Module boost LM2577
Added Member To Class: ClassName=GateWay Member=Component U2 Board
Added Member To Class: ClassName=GateWay Member=Component U3 Board
Added Member To Class: ClassName=GateWay Member=Component U4 Board
Added Member To Class: ClassName=GateWay Member=Component U5 Module boost LM2577
Added Member To Class: ClassName=GateWay Member=Component U6 Board
Added Room: Name=GateWay
